ISim log file
Running: C:\Documents and Settings\lester\Escritorio\OOOOOOO\memor_work\test_bootloader_isim_beh.exe -gui -tclbatch isim.cmd -wdb C:/Documents and Settings/lester/Escritorio/OOOOOOO/memor_work/test_bootloader_isim_beh.wdb 
ISim M.81d (signature 0xcb73ee62)
This is a Full version of ISim.
Time resolution is 1 ps
# onerror resume
# wave add /
# run 1000 ns
Simulator is doing circuit initialization process.
Finished circuit initialization process.
# restart
# run 5.00ms
Simulator is doing circuit initialization process.
Finished circuit initialization process.
at 2157439996 ps(2): Note: Block Memory Generator CORE Generator module is using a behavioral model FOR simulation which will not precisely model memory collision behavior. (/test_bootloader/uut/memory_work/memory/U0/mem_module/).
# restart
# run 5.00ms
Simulator is doing circuit initialization process.
Finished circuit initialization process.
at 2157439996 ps(2): Note: Block Memory Generator CORE Generator module is using a behavioral model FOR simulation which will not precisely model memory collision behavior. (/test_bootloader/uut/memory_work/memory/U0/mem_module/).
# restart
# run 5.00ms
Simulator is doing circuit initialization process.
Finished circuit initialization process.
at 2157439996 ps(2): Note: Block Memory Generator CORE Generator module is using a behavioral model FOR simulation which will not precisely model memory collision behavior. (/test_bootloader/uut/memory_work/memory/U0/mem_module/).
# restart
# run 5.00ms
Simulator is doing circuit initialization process.
Finished circuit initialization process.
at 2157439996 ps(2): Note: Block Memory Generator CORE Generator module is using a behavioral model FOR simulation which will not precisely model memory collision behavior. (/test_bootloader/uut/memory_work/memory/U0/mem_module/).
